<?xml version="1.0" encoding="utf-8"?><testsuites name="pytest tests"><testsuite name="pytest" errors="0" failures="0" skipped="0" tests="35" time="48.701" timestamp="2026-05-09T21:59:20.019522+00:00" hostname="agent-env-27c4ad23-b20f-41cf-b584-cd36c03b1a52"><testcase classname="tests.test_supabase_migration" name="test_health" time="0.234" /><testcase classname="tests.test_supabase_migration" name="test_auth_me" time="0.606" /><testcase classname="tests.test_supabase_migration" name="test_auth_me_invalid_token" time="0.268" /><testcase classname="tests.test_supabase_migration" name="test_analytics_overview" time="0.967" /><testcase classname="tests.test_supabase_migration" name="test_create_knowledge_node" time="0.664" /><testcase classname="tests.test_supabase_migration" name="test_create_second_node_for_connection" time="0.641" /><testcase classname="tests.test_supabase_migration" name="test_list_knowledge_nodes" time="0.504" /><testcase classname="tests.test_supabase_migration" name="test_get_single_node" time="0.547" /><testcase classname="tests.test_supabase_migration" name="test_connect_nodes" time="1.689" /><testcase classname="tests.test_supabase_migration" name="test_knowledge_graph" time="0.523" /><testcase classname="tests.test_supabase_migration" name="test_search_knowledge" time="0.615" /><testcase classname="tests.test_supabase_migration" name="test_clear_chat_history_first" time="0.815" /><testcase classname="tests.test_supabase_migration" name="test_chat" time="13.637" /><testcase classname="tests.test_supabase_migration" name="test_chat_history" time="0.540" /><testcase classname="tests.test_supabase_migration" name="test_create_data_source" time="0.631" /><testcase classname="tests.test_supabase_migration" name="test_list_data_sources" time="0.523" /><testcase classname="tests.test_supabase_migration" name="test_connect_data_source" time="0.639" /><testcase classname="tests.test_supabase_migration" name="test_disconnect_data_source" time="0.511" /><testcase classname="tests.test_supabase_migration" name="test_delete_data_source" time="0.511" /><testcase classname="tests.test_supabase_migration" name="test_slack_test_endpoint" time="0.522" /><testcase classname="tests.test_supabase_migration" name="test_github_test_endpoint" time="0.602" /><testcase classname="tests.test_supabase_migration" name="test_gdrive_test_endpoint" time="0.561" /><testcase classname="tests.test_supabase_migration" name="test_slack_sync_upserts_data_source" time="0.926" /><testcase classname="tests.test_supabase_migration" name="test_gdrive_sync_upserts_data_source" time="5.463" /><testcase classname="tests.test_supabase_migration" name="test_neo4j_status" time="0.534" /><testcase classname="tests.test_supabase_migration" name="test_neo4j_stats" time="0.476" /><testcase classname="tests.test_supabase_migration" name="test_neo4j_graph" time="0.739" /><testcase classname="tests.test_supabase_migration" name="test_es_status" time="0.364" /><testcase classname="tests.test_supabase_migration" name="test_search_full" time="0.524" /><testcase classname="tests.test_supabase_migration" name="test_search_autocomplete" time="0.420" /><testcase classname="tests.test_supabase_migration" name="test_search_stats" time="0.375" /><testcase classname="tests.test_supabase_migration" name="test_activities" time="0.502" /><testcase classname="tests.test_supabase_migration" name="test_document_upload" time="10.448" /><testcase classname="tests.test_supabase_migration" name="test_documents_list" time="0.547" /><testcase classname="tests.test_supabase_migration" name="test_document_get_one" time="0.531" /></testsuite></testsuites>